<?xml version="1.0" encoding="UTF-8" ?>
<testsuite tests="41" failures="0" name="cucumberOptions.TestRunner" time="5.572" errors="0" skipped="0">
  <properties>
[...]
</properties>
  <testcase classname="Scenario: Home page default login" name="Given User is on NetBanking landing page" time="0.003"/>
  <testcase classname="Scenario: Home page default login" name="When User login into application with &quot;jin&quot; and password &quot;1234&quot;" time="0.002"/>
  <testcase classname="Scenario: Home page default login" name="Then Home page is populated" time="0"/>
  <testcase classname="Scenario: Home page default login" name="And Cards displayed are &quot;true&quot;" time="0"/>
  <testcase classname="Scenario: Home page default login" name="Scenario: Home page default login" time="0.003"/>
  <testcase classname="| user1 | pass1 |" name="Given User is on NetBanking landing page" time="0"/>
  <testcase classname="| user1 | pass1 |" name="When User login in to application with user1 and password pass1" time="0"/>
  <testcase classname="| user1 | pass1 |" name="Then Home page is populated" time="0"/>
  <testcase classname="| user1 | pass1 |" name="And Cards displayed are &quot;true&quot;" time="0"/>
  <testcase classname="| user1 | pass1 |" name="| user1 | pass1 |" time="0.001"/>
  <testcase classname="| user2 | pass2 |" name="Given User is on NetBanking landing page" time="0"/>
  <testcase classname="| user2 | pass2 |" name="When User login in to application with user2 and password pass2" time="0"/>
  <testcase classname="| user2 | pass2 |" name="Then Home page is populated" time="0"/>
  <testcase classname="| user2 | pass2 |" name="And Cards displayed are &quot;true&quot;" time="0"/>
  <testcase classname="| user2 | pass2 |" name="| user2 | pass2 |" time="0.001"/>
  <testcase classname="| user3 | pass3 |" name="Given User is on NetBanking landing page" time="0"/>
  <testcase classname="| user3 | pass3 |" name="When User login in to application with user3 and password pass3" time="0"/>
  <testcase classname="| user3 | pass3 |" name="Then Home page is populated" time="0"/>
  <testcase classname="| user3 | pass3 |" name="And Cards displayed are &quot;true&quot;" time="0"/>
  <testcase classname="| user3 | pass3 |" name="| user3 | pass3 |" time="0.003"/>
  <testcase classname="| user4 | pass4 |" name="Given User is on NetBanking landing page" time="0"/>
  <testcase classname="| user4 | pass4 |" name="When User login in to application with user4 and password pass4" time="0"/>
  <testcase classname="| user4 | pass4 |" name="Then Home page is populated" time="0"/>
  <testcase classname="| user4 | pass4 |" name="And Cards displayed are &quot;true&quot;" time="0"/>
  <testcase classname="| user4 | pass4 |" name="| user4 | pass4 |" time="0.003"/>
  <testcase classname="Scenario: Search for items and validate results" name="Given User is on Greencart Landing page" time="0"/>
  <testcase classname="Scenario: Search for items and validate results" name="When User searched for Cucumber Vegetable" time="0.001"/>
  <testcase classname="Scenario: Search for items and validate results" name="Then &quot;Cucumber&quot; results are displayed" time="0"/>
  <testcase classname="Scenario: Search for items and validate results" name="Scenario: Search for items and validate results" time="4.461"/>
  <testcase classname="| Brinjal |" name="Given User is on Greencart Landing page" time="0"/>
  <testcase classname="| Brinjal |" name="When User searched for Brinjal Vegetable" time="0"/>
  <testcase classname="| Brinjal |" name="And Added items to cart" time="0"/>
  <testcase classname="| Brinjal |" name="And User proceeded to Checkout page for purchase" time="0"/>
  <testcase classname="| Brinjal |" name="Then verify selected Brinjal items are displayed in Check out page" time="0"/>
  <testcase classname="| Brinjal |" name="| Brinjal |" time="0.483"/>
  <testcase classname="| Beetroot |" name="Given User is on Greencart Landing page" time="0"/>
  <testcase classname="| Beetroot |" name="When User searched for Beetroot Vegetable" time="0"/>
  <testcase classname="| Beetroot |" name="And Added items to cart" time="0"/>
  <testcase classname="| Beetroot |" name="And User proceeded to Checkout page for purchase" time="0"/>
  <testcase classname="| Beetroot |" name="Then verify selected Beetroot items are displayed in Check out page" time="0"/>
  <testcase classname="| Beetroot |" name="| Beetroot |" time="0.611"/>
</testsuite>